[   114.113] (--) Log file renamed from "/home/ivanovka/.local/share/xorg/Xorg.pid-1481.log" to "/home/ivanovka/.local/share/xorg/Xorg.0.log"
[   114.113] 
X.Org X Server 1.20.8
X Protocol Version 11, Revision 0
[   114.113] Build Operating System: Linux 4.4.0-184-generic x86_64 Ubuntu
[   114.113] Current Operating System: Linux ivanovka-VirtualBox 5.4.0-54-generic #60-Ubuntu SMP Fri Nov 6 10:37:59 UTC 2020 x86_64
[   114.113] Kernel command line: BOOT_IMAGE=/boot/vmlinuz-5.4.0-54-generic root=UUID=f1eeaa99-e808-447e-9169-3ae578f1b56e ro quiet splash
[   114.113] Build Date: 24 June 2020  06:00:21AM
[   114.113] xorg-server 2:1.20.8-2ubuntu2.2 (For technical support please see http://www.ubuntu.com/support) 
[   114.113] Current version of pixman: 0.38.4
[   114.113] 	Before reporting problems, check http://wiki.x.org
	to make sure that you have the latest version.
[   114.113] Markers: (--) probed, (**) from config file, (==) default setting,
	(++) from command line, (!!) notice, (II) informational,
	(WW) warning, (EE) error, (NI) not implemented, (??) unknown.
[   114.114] (==) Log file: "/home/ivanovka/.local/share/xorg/Xorg.0.log", Time: Tue Dec  1 13:58:20 2020
[   114.165] (==) Using system config directory "/usr/share/X11/xorg.conf.d"
[   114.219] (==) No Layout section.  Using the first Screen section.
[   114.219] (==) No screen section available. Using defaults.
[   114.219] (**) |-->Screen "Default Screen Section" (0)
[   114.219] (**) |   |-->Monitor "<default monitor>"
[   114.268] (==) No monitor specified for screen "Default Screen Section".
	Using a default monitor configuration.
[   114.268] (==) Automatically adding devices
[   114.268] (==) Automatically enabling devices
[   114.268] (==) Automatically adding GPU devices
[   114.268] (==) Automatically binding GPU devices
[   114.268] (==) Max clients allowed: 256, resource mask: 0x1fffff
[   114.268] (WW) The directory "/usr/share/fonts/X11/cyrillic" does not exist.
[   114.268] 	Entry deleted from font path.
[   114.269] (WW) The directory "/usr/share/fonts/X11/100dpi/" does not exist.
[   114.269] 	Entry deleted from font path.
[   114.269] (WW) The directory "/usr/share/fonts/X11/75dpi/" does not exist.
[   114.269] 	Entry deleted from font path.
[   114.269] (WW) The directory "/usr/share/fonts/X11/100dpi" does not exist.
[   114.269] 	Entry deleted from font path.
[   114.269] (WW) The directory "/usr/share/fonts/X11/75dpi" does not exist.
[   114.269] 	Entry deleted from font path.
[   114.269] (==) FontPath set to:
	/usr/share/fonts/X11/misc,
	/usr/share/fonts/X11/Type1,
	built-ins
[   114.269] (==) ModulePath set to "/usr/lib/xorg/modules"
[   114.269] (II) The server relies on udev to provide the list of input devices.
	If no devices become available, reconfigure udev or disable AutoAddDevices.
[   114.269] (II) Loader magic: 0x55a5ca1aa020
[   114.269] (II) Module ABI versions:
[   114.269] 	X.Org ANSI C Emulation: 0.4
[   114.269] 	X.Org Video Driver: 24.1
[   114.269] 	X.Org XInput driver : 24.1
[   114.269] 	X.Org Server Extension : 10.0
[   114.272] (++) using VT number 2

[   114.274] (II) systemd-logind: took control of session /org/freedesktop/login1/session/_32
[   114.275] (II) xfree86: Adding drm device (/dev/dri/card0)
[   114.276] (II) systemd-logind: got fd for /dev/dri/card0 226:0 fd 12 paused 0
[   114.278] (--) PCI:*(0@0:2:0) 15ad:0405:15ad:0405 rev 0, Mem @ 0xf0000000/16777216, 0xf1000000/2097152, I/O @ 0x0000d010/16, BIOS @ 0x????????/131072
[   114.309] (II) LoadModule: "glx"
[   114.322] (II) Loading /usr/lib/xorg/modules/extensions/libglx.so
[   114.342] (II) Module glx: vendor="X.Org Foundation"
[   114.342] 	compiled for 1.20.8, module version = 1.0.0
[   114.342] 	ABI class: X.Org Server Extension, version 10.0
[   114.342] (==) Matched vmware as autoconfigured driver 0
[   114.342] (==) Matched modesetting as autoconfigured driver 1
[   114.343] (==) Matched fbdev as autoconfigured driver 2
[   114.343] (==) Matched vesa as autoconfigured driver 3
[   114.343] (==) Assigned the driver to the xf86ConfigLayout
[   114.343] (II) LoadModule: "vmware"
[   114.344] (II) Loading /usr/lib/xorg/modules/drivers/vmware_drv.so
[   114.586] (II) Module vmware: vendor="X.Org Foundation"
[   114.586] 	compiled for 1.20.8, module version = 13.3.0
[   114.587] 	Module class: X.Org Video Driver
[   114.587] 	ABI class: X.Org Video Driver, version 24.1
[   114.587] (II) LoadModule: "modesetting"
[   114.587] (II) Loading /usr/lib/xorg/modules/drivers/modesetting_drv.so
[   114.619] (II) Module modesetting: vendor="X.Org Foundation"
[   114.619] 	compiled for 1.20.8, module version = 1.20.8
[   114.619] 	Module class: X.Org Video Driver
[   114.619] 	ABI class: X.Org Video Driver, version 24.1
[   114.619] (II) LoadModule: "fbdev"
[   114.620] (II) Loading /usr/lib/xorg/modules/drivers/fbdev_drv.so
[   114.638] (II) Module fbdev: vendor="X.Org Foundation"
[   114.638] 	compiled for 1.20.1, module version = 0.5.0
[   114.638] 	Module class: X.Org Video Driver
[   114.639] 	ABI class: X.Org Video Driver, version 24.0
[   114.639] (II) LoadModule: "vesa"
[   114.642] (II) Loading /usr/lib/xorg/modules/drivers/vesa_drv.so
[   114.662] (II) Module vesa: vendor="X.Org Foundation"
[   114.668] 	compiled for 1.20.4, module version = 2.4.0
[   114.669] 	Module class: X.Org Video Driver
[   114.669] 	ABI class: X.Org Video Driver, version 24.0
[   114.669] (II) vmware: driver for VMware SVGA: vmware0405, vmware0710
[   114.669] (II) modesetting: Driver for Modesetting Kernel Drivers: kms
[   114.669] (II) FBDEV: driver for framebuffer: fbdev
[   114.670] (II) VESA: driver for VESA chipsets: vesa
[   114.670] xf86EnableIOPorts: failed to set IOPL for I/O (Operation not permitted)
[   114.670] (WW) Falling back to old probe method for modesetting
[   114.670] (WW) Falling back to old probe method for fbdev
[   114.670] (II) Loading sub module "fbdevhw"
[   114.670] (II) LoadModule: "fbdevhw"
[   114.671] (II) Loading /usr/lib/xorg/modules/libfbdevhw.so
[   114.684] (II) Module fbdevhw: vendor="X.Org Foundation"
[   114.684] 	compiled for 1.20.8, module version = 0.0.2
[   114.684] 	ABI class: X.Org Video Driver, version 24.1
[   114.684] (EE) open /dev/fb0: Permission denied
[   114.684] (WW) VGA arbiter: cannot open kernel arbiter, no multi-card support
[   114.684] (II) vmware(0): Creating default Display subsection in Screen section
	"Default Screen Section" for depth/fbbpp 24/32
[   114.684] (--) vmware(0): DRM driver version is 2.15.0
[   114.684] (==) vmware(0): Depth 24, (--) framebuffer bpp 32
[   114.684] (==) vmware(0): RGB weight 888
[   114.684] (==) vmware(0): Default visual is TrueColor
[   114.684] (--) vmware(0): Min width 1, Max Width 8192.
[   114.684] (--) vmware(0): Min height 1, Max Height 8192.
[   114.684] (II) vmware(0): Output Virtual1 has no monitor section
[   114.684] (II) vmware(0): Output Virtual2 has no monitor section
[   114.684] (II) vmware(0): Output Virtual3 has no monitor section
[   114.685] (II) vmware(0): Output Virtual4 has no monitor section
[   114.685] (II) vmware(0): Output Virtual5 has no monitor section
[   114.685] (II) vmware(0): Output Virtual6 has no monitor section
[   114.685] (II) vmware(0): Output Virtual7 has no monitor section
[   114.685] (II) vmware(0): Output Virtual8 has no monitor section
[   114.685] (II) vmware(0): Printing probed modes for output Virtual1
[   114.685] (II) vmware(0): Modeline "800x600"x60.0   42.75  800 850 900 950  600 650 700 750 -hsync +vsync (45.0 kHz eP)
[   114.685] (II) vmware(0): Modeline "2560x1600"x60.0  348.50  2560 2752 3032 3504  1600 1603 1609 1658 -hsync +vsync (99.5 kHz e)
[   114.685] (II) vmware(0): Modeline "1920x1440"x60.0  234.00  1920 2048 2256 2600  1440 1441 1444 1500 -hsync +vsync (90.0 kHz e)
[   114.685] (II) vmware(0): Modeline "1856x1392"x60.0  218.25  1856 1952 2176 2528  1392 1393 1396 1439 -hsync +vsync (86.3 kHz e)
[   114.685] (II) vmware(0): Modeline "1792x1344"x60.0  204.75  1792 1920 2120 2448  1344 1345 1348 1394 -hsync +vsync (83.6 kHz e)
[   114.685] (II) vmware(0): Modeline "1920x1200"x59.9  193.25  1920 2056 2256 2592  1200 1203 1209 1245 -hsync +vsync (74.6 kHz e)
[   114.685] (II) vmware(0): Modeline "1600x1200"x60.0  162.00  1600 1664 1856 2160  1200 1201 1204 1250 +hsync +vsync (75.0 kHz e)
[   114.685] (II) vmware(0): Modeline "1680x1050"x60.0  146.25  1680 1784 1960 2240  1050 1053 1059 1089 -hsync +vsync (65.3 kHz e)
[   114.685] (II) vmware(0): Modeline "1400x1050"x60.0  121.75  1400 1488 1632 1864  1050 1053 1057 1089 -hsync +vsync (65.3 kHz e)
[   114.685] (II) vmware(0): Modeline "1280x1024"x60.0  108.00  1280 1328 1440 1688  1024 1025 1028 1066 +hsync +vsync (64.0 kHz e)
[   114.685] (II) vmware(0): Modeline "1440x900"x59.9  106.50  1440 1520 1672 1904  900 903 909 934 -hsync +vsync (55.9 kHz e)
[   114.685] (II) vmware(0): Modeline "1280x960"x60.0  108.00  1280 1376 1488 1800  960 961 964 1000 +hsync +vsync (60.0 kHz e)
[   114.685] (II) vmware(0): Modeline "1360x768"x60.0   85.50  1360 1424 1536 1792  768 771 777 795 +hsync +vsync (47.7 kHz e)
[   114.685] (II) vmware(0): Modeline "1280x800"x59.8   83.50  1280 1352 1480 1680  800 803 809 831 +hsync -vsync (49.7 kHz e)
[   114.685] (II) vmware(0): Modeline "1152x864"x75.0  108.00  1152 1216 1344 1600  864 865 868 900 +hsync +vsync (67.5 kHz e)
[   114.685] (II) vmware(0): Modeline "1280x768"x59.9   79.50  1280 1344 1472 1664  768 771 778 798 -hsync +vsync (47.8 kHz e)
[   114.685] (II) vmware(0): Modeline "1024x768"x60.0   65.00  1024 1048 1184 1344  768 771 777 806 -hsync -vsync (48.4 kHz e)
[   114.685] (II) vmware(0): Modeline "800x600"x60.3   40.00  800 840 968 1056  600 601 605 628 +hsync +vsync (37.9 kHz e)
[   114.685] (II) vmware(0): Modeline "640x480"x59.9   25.18  640 656 752 800  480 489 492 525 -hsync -vsync (31.5 kHz e)
[   114.685] (II) vmware(0): EDID for output Virtual2
[   114.685] (II) vmware(0): EDID for output Virtual3
[   114.685] (II) vmware(0): EDID for output Virtual4
[   114.685] (II) vmware(0): EDID for output Virtual5
[   114.685] (II) vmware(0): EDID for output Virtual6
[   114.685] (II) vmware(0): EDID for output Virtual7
[   114.685] (II) vmware(0): EDID for output Virtual8
[   114.685] (II) vmware(0): Output Virtual1 connected
[   114.685] (II) vmware(0): Output Virtual2 disconnected
[   114.685] (II) vmware(0): Output Virtual3 disconnected
[   114.685] (II) vmware(0): Output Virtual4 disconnected
[   114.685] (II) vmware(0): Output Virtual5 disconnected
[   114.685] (II) vmware(0): Output Virtual6 disconnected
[   114.685] (II) vmware(0): Output Virtual7 disconnected
[   114.685] (II) vmware(0): Output Virtual8 disconnected
[   114.685] (II) vmware(0): Using exact sizes for initial modes
[   114.685] (II) vmware(0): Output Virtual1 using initial mode 800x600 +0+0
[   114.685] (==) vmware(0): DPI set to (96, 96)
[   114.685] (==) vmware(0): Using gamma correction (1.0, 1.0, 1.0)
[   114.685] (II) Loading sub module "fb"
[   114.685] (II) LoadModule: "fb"
[   114.685] (II) Loading /usr/lib/xorg/modules/libfb.so
[   114.738] (II) Module fb: vendor="X.Org Foundation"
[   114.738] 	compiled for 1.20.8, module version = 1.0.0
[   114.738] 	ABI class: X.Org ANSI C Emulation, version 0.4
[   114.738] (II) Loading sub module "dri2"
[   114.738] (II) LoadModule: "dri2"
[   114.738] (II) Module "dri2" already built-in
[   114.738] (II) Loading sub module "dri3"
[   114.738] (II) LoadModule: "dri3"
[   114.738] (II) Module "dri3" already built-in
[   114.738] (II) UnloadModule: "modesetting"
[   114.738] (II) Unloading modesetting
[   114.738] (II) UnloadModule: "fbdev"
[   114.738] (II) Unloading fbdev
[   114.738] (II) UnloadSubModule: "fbdevhw"
[   114.738] (II) Unloading fbdevhw
[   114.738] (II) UnloadModule: "vesa"
[   114.738] (II) Unloading vesa
[   114.775] (II) vmware(0): Initialized VMWARE_CTRL extension version 0.2
[   114.869] (WW) vmware(0): Failed to initialize Gallium3D Xa. No render acceleration available.
[   114.869] (WW) vmware(0): Skipped initialization of direct rendering due to lack of render acceleration.
[   114.869] (--) vmware(0): Render acceleration is disabled.
[   114.869] (==) vmware(0): Rendercheck mode is disabled.
[   114.869] (--) vmware(0): Direct rendering (DRI2 3D) is disabled.
[   114.869] (--) vmware(0): Direct rendering (DRI3 3D) is disabled.
[   114.869] (==) vmware(0): Backing store enabled
[   114.869] (==) vmware(0): Silken mouse enabled
[   114.911] (==) vmware(0): DPMS enabled
[   114.911] (II) vmware(0): No 3D acceleration. Not setting up textured video.
[   114.911] (WW) vmware(0): Disabling Xv because no adaptors could be initialized.
[   114.911] (II) Initializing extension Generic Event Extension
[   114.911] (II) Initializing extension SHAPE
[   114.911] (II) Initializing extension MIT-SHM
[   114.911] (II) Initializing extension XInputExtension
[   114.916] (II) Initializing extension XTEST
[   114.917] (II) Initializing extension BIG-REQUESTS
[   114.917] (II) Initializing extension SYNC
[   114.917] (II) Initializing extension XKEYBOARD
[   114.917] (II) Initializing extension XC-MISC
[   114.918] (II) Initializing extension SECURITY
[   114.918] (II) Initializing extension XFIXES
[   114.918] (II) Initializing extension RENDER
[   114.918] (II) Initializing extension RANDR
[   114.918] (II) Initializing extension COMPOSITE
[   114.919] (II) Initializing extension DAMAGE
[   114.919] (II) Initializing extension MIT-SCREEN-SAVER
[   114.919] (II) Initializing extension DOUBLE-BUFFER
[   114.919] (II) Initializing extension RECORD
[   114.920] (II) Initializing extension DPMS
[   114.920] (II) Initializing extension Present
[   114.920] (II) Initializing extension DRI3
[   114.920] (II) Initializing extension X-Resource
[   114.920] (II) Initializing extension XVideo
[   114.921] (II) Initializing extension XVideo-MotionCompensation
[   114.921] (II) Initializing extension SELinux
[   114.921] (II) SELinux: Disabled on system
[   114.921] (II) Initializing extension GLX
[   114.921] (II) AIGLX: Screen 0 is not DRI2 capable
[   114.926] (II) IGLX: Loaded and initialized swrast
[   114.927] (II) GLX: Initialized DRISWRAST GL provider for screen 0
[   114.927] (II) Initializing extension XFree86-VidModeExtension
[   114.927] (II) Initializing extension XFree86-DGA
[   114.927] (II) Initializing extension XFree86-DRI
[   114.952] (II) Initializing extension DRI2
[   114.956] (II) vmware(0): Setting screen physical size to 211 x 158
[   115.039] (II) config/udev: Adding input device Power Button (/dev/input/event0)
[   115.040] (**) Power Button: Applying InputClass "libinput keyboard catchall"
[   115.040] (II) LoadModule: "libinput"
[   115.040] (II) Loading /usr/lib/xorg/modules/input/libinput_drv.so
[   115.148] (II) Module libinput: vendor="X.Org Foundation"
[   115.148] 	compiled for 1.20.4, module version = 0.29.0
[   115.148] 	Module class: X.Org XInput Driver
[   115.148] 	ABI class: X.Org XInput driver, version 24.1
[   115.148] (II) Using input driver 'libinput' for 'Power Button'
[   115.160] (II) systemd-logind: got fd for /dev/input/event0 13:64 fd 20 paused 0
[   115.160] (**) Power Button: always reports core events
[   115.160] (**) Option "Device" "/dev/input/event0"
[   115.161] (**) Option "_source" "server/udev"
[   115.177] (II) event0  - Power Button: is tagged by udev as: Keyboard
[   115.178] (II) event0  - Power Button: device is a keyboard
[   115.178] (II) event0  - Power Button: device removed
[   115.178] (**) Option "config_info" "udev:/sys/devices/LNXSYSTM:00/LNXPWRBN:00/input/input0/event0"
[   115.179] (II) XINPUT: Adding extended input device "Power Button" (type: KEYBOARD, id 6)
[   115.179] (**) Option "xkb_model" "pc105"
[   115.180] (**) Option "xkb_layout" "us"
[   115.188] (II) event0  - Power Button: is tagged by udev as: Keyboard
[   115.189] (II) event0  - Power Button: device is a keyboard
[   115.191] (II) config/udev: Adding input device Sleep Button (/dev/input/event1)
[   115.192] (**) Sleep Button: Applying InputClass "libinput keyboard catchall"
[   115.193] (II) Using input driver 'libinput' for 'Sleep Button'
[   115.195] (II) systemd-logind: got fd for /dev/input/event1 13:65 fd 23 paused 0
[   115.196] (**) Sleep Button: always reports core events
[   115.196] (**) Option "Device" "/dev/input/event1"
[   115.196] (**) Option "_source" "server/udev"
[   115.198] (II) event1  - Sleep Button: is tagged by udev as: Keyboard
[   115.198] (II) event1  - Sleep Button: device is a keyboard
[   115.199] (II) event1  - Sleep Button: device removed
[   115.200] (**) Option "config_info" "udev:/sys/devices/LNXSYSTM:00/LNXSLPBN:00/input/input1/event1"
[   115.200] (II) XINPUT: Adding extended input device "Sleep Button" (type: KEYBOARD, id 7)
[   115.200] (**) Option "xkb_model" "pc105"
[   115.200] (**) Option "xkb_layout" "us"
[   115.209] (II) event1  - Sleep Button: is tagged by udev as: Keyboard
[   115.209] (II) event1  - Sleep Button: device is a keyboard
[   115.210] (II) config/udev: Adding input device Video Bus (/dev/input/event3)
[   115.211] (**) Video Bus: Applying InputClass "libinput keyboard catchall"
[   115.211] (II) Using input driver 'libinput' for 'Video Bus'
[   115.213] (II) systemd-logind: got fd for /dev/input/event3 13:67 fd 24 paused 0
[   115.213] (**) Video Bus: always reports core events
[   115.213] (**) Option "Device" "/dev/input/event3"
[   115.213] (**) Option "_source" "server/udev"
[   115.216] (II) event3  - Video Bus: is tagged by udev as: Keyboard
[   115.216] (II) event3  - Video Bus: device is a keyboard
[   115.221] (II) event3  - Video Bus: device removed
[   115.221] (**) Option "config_info" "udev:/sys/devices/LNXSYSTM:00/LNXSYBUS:00/PNP0A03:00/LNXVIDEO:00/input/input4/event3"
[   115.224] (II) XINPUT: Adding extended input device "Video Bus" (type: KEYBOARD, id 8)
[   115.224] (**) Option "xkb_model" "pc105"
[   115.224] (**) Option "xkb_layout" "us"
[   115.227] (II) event3  - Video Bus: is tagged by udev as: Keyboard
[   115.227] (II) event3  - Video Bus: device is a keyboard
[   115.230] (II) config/udev: Adding input device VirtualBox mouse integration (/dev/input/event6)
[   115.230] (**) VirtualBox mouse integration: Applying InputClass "libinput pointer catchall"
[   115.230] (II) Using input driver 'libinput' for 'VirtualBox mouse integration'
[   115.232] (II) systemd-logind: got fd for /dev/input/event6 13:70 fd 25 paused 0
[   115.232] (**) VirtualBox mouse integration: always reports core events
[   115.232] (**) Option "Device" "/dev/input/event6"
[   115.232] (**) Option "_source" "server/udev"
[   115.238] (II) event6  - VirtualBox mouse integration: is tagged by udev as: Mouse
[   115.239] (II) event6  - VirtualBox mouse integration: device is a pointer
[   115.240] (II) event6  - VirtualBox mouse integration: device removed
[   115.240] (**) Option "config_info" "udev:/sys/devices/pci0000:00/0000:00:04.0/input/input7/event6"
[   115.240] (II) XINPUT: Adding extended input device "VirtualBox mouse integration" (type: MOUSE, id 9)
[   115.241] (**) Option "AccelerationScheme" "none"
[   115.241] (**) VirtualBox mouse integration: (accel) selected scheme none/0
[   115.241] (**) VirtualBox mouse integration: (accel) acceleration factor: 2.000
[   115.241] (**) VirtualBox mouse integration: (accel) acceleration threshold: 4
[   115.246] (II) event6  - VirtualBox mouse integration: is tagged by udev as: Mouse
[   115.246] (II) event6  - VirtualBox mouse integration: device is a pointer
[   115.247] (II) config/udev: Adding input device VirtualBox mouse integration (/dev/input/js1)
[   115.252] (II) No input driver specified, ignoring this device.
[   115.252] (II) This device may have been added with another device file.
[   115.256] (II) config/udev: Adding input device VirtualBox USB Tablet (/dev/input/event5)
[   115.256] (**) VirtualBox USB Tablet: Applying InputClass "libinput pointer catchall"
[   115.256] (II) Using input driver 'libinput' for 'VirtualBox USB Tablet'
[   115.317] (II) systemd-logind: got fd for /dev/input/event5 13:69 fd 26 paused 0
[   115.317] (**) VirtualBox USB Tablet: always reports core events
[   115.317] (**) Option "Device" "/dev/input/event5"
[   115.317] (**) Option "_source" "server/udev"
[   115.319] (II) event5  - VirtualBox USB Tablet: is tagged by udev as: Mouse
[   115.319] (II) event5  - VirtualBox USB Tablet: device is a pointer
[   115.319] (II) event5  - VirtualBox USB Tablet: device removed
[   115.319] (**) Option "config_info" "udev:/sys/devices/pci0000:00/0000:00:06.0/usb1/1-1/1-1:1.0/0003:80EE:0021.0001/input/input6/event5"
[   115.319] (II) XINPUT: Adding extended input device "VirtualBox USB Tablet" (type: MOUSE, id 10)
[   115.319] (**) Option "AccelerationScheme" "none"
[   115.319] (**) VirtualBox USB Tablet: (accel) selected scheme none/0
[   115.319] (**) VirtualBox USB Tablet: (accel) acceleration factor: 2.000
[   115.319] (**) VirtualBox USB Tablet: (accel) acceleration threshold: 4
[   115.327] (II) event5  - VirtualBox USB Tablet: is tagged by udev as: Mouse
[   115.328] (II) event5  - VirtualBox USB Tablet: device is a pointer
[   115.330] (II) config/udev: Adding input device VirtualBox USB Tablet (/dev/input/js0)
[   115.330] (II) No input driver specified, ignoring this device.
[   115.330] (II) This device may have been added with another device file.
[   115.332] (II) config/udev: Adding input device VirtualBox USB Tablet (/dev/input/mouse1)
[   115.332] (II) No input driver specified, ignoring this device.
[   115.332] (II) This device may have been added with another device file.
[   115.334] (II) config/udev: Adding input device AT Translated Set 2 keyboard (/dev/input/event2)
[   115.334] (**) AT Translated Set 2 keyboard: Applying InputClass "libinput keyboard catchall"
[   115.334] (II) Using input driver 'libinput' for 'AT Translated Set 2 keyboard'
[   115.336] (II) systemd-logind: got fd for /dev/input/event2 13:66 fd 27 paused 0
[   115.337] (**) AT Translated Set 2 keyboard: always reports core events
[   115.337] (**) Option "Device" "/dev/input/event2"
[   115.337] (**) Option "_source" "server/udev"
[   115.340] (II) event2  - AT Translated Set 2 keyboard: is tagged by udev as: Keyboard
[   115.340] (II) event2  - AT Translated Set 2 keyboard: device is a keyboard
[   115.341] (II) event2  - AT Translated Set 2 keyboard: device removed
[   115.342] (**) Option "config_info" "udev:/sys/devices/platform/i8042/serio0/input/input2/event2"
[   115.342] (II) XINPUT: Adding extended input device "AT Translated Set 2 keyboard" (type: KEYBOARD, id 11)
[   115.342] (**) Option "xkb_model" "pc105"
[   115.342] (**) Option "xkb_layout" "us"
[   115.346] (II) event2  - AT Translated Set 2 keyboard: is tagged by udev as: Keyboard
[   115.347] (II) event2  - AT Translated Set 2 keyboard: device is a keyboard
[   115.353] (II) config/udev: Adding input device ImExPS/2 Generic Explorer Mouse (/dev/input/event4)
[   115.356] (**) ImExPS/2 Generic Explorer Mouse: Applying InputClass "libinput pointer catchall"
[   115.356] (II) Using input driver 'libinput' for 'ImExPS/2 Generic Explorer Mouse'
[   115.358] (II) systemd-logind: got fd for /dev/input/event4 13:68 fd 28 paused 0
[   115.358] (**) ImExPS/2 Generic Explorer Mouse: always reports core events
[   115.358] (**) Option "Device" "/dev/input/event4"
[   115.358] (**) Option "_source" "server/udev"
[   115.361] (II) event4  - ImExPS/2 Generic Explorer Mouse: is tagged by udev as: Mouse
[   115.361] (II) event4  - ImExPS/2 Generic Explorer Mouse: device is a pointer
[   115.362] (II) event4  - ImExPS/2 Generic Explorer Mouse: device removed
[   115.362] (**) Option "config_info" "udev:/sys/devices/platform/i8042/serio1/input/input5/event4"
[   115.363] (II) XINPUT: Adding extended input device "ImExPS/2 Generic Explorer Mouse" (type: MOUSE, id 12)
[   115.364] (**) Option "AccelerationScheme" "none"
[   115.364] (**) ImExPS/2 Generic Explorer Mouse: (accel) selected scheme none/0
[   115.364] (**) ImExPS/2 Generic Explorer Mouse: (accel) acceleration factor: 2.000
[   115.365] (**) ImExPS/2 Generic Explorer Mouse: (accel) acceleration threshold: 4
[   115.370] (II) event4  - ImExPS/2 Generic Explorer Mouse: is tagged by udev as: Mouse
[   115.370] (II) event4  - ImExPS/2 Generic Explorer Mouse: device is a pointer
[   115.372] (II) config/udev: Adding input device ImExPS/2 Generic Explorer Mouse (/dev/input/mouse0)
[   115.372] (II) No input driver specified, ignoring this device.
[   115.372] (II) This device may have been added with another device file.
[  4679.323] (!!) vmware(0): New layout.
[  4679.323] (!!) vmware(0): 0: 0 0 800 594
[  4679.323] (!!) vmware(0): 
[  4679.494] (!!) vmware(0): New layout.
[  4679.494] (!!) vmware(0): 0: 0 0 800 596
[  4679.494] (!!) vmware(0): 
[  4679.534] (EE) No surface to present from.
[  4710.193] (!!) vmware(0): New layout.
[  4710.193] (!!) vmware(0): 0: 0 0 841 598
[  4710.193] (!!) vmware(0): 
[  4710.221] (EE) No surface to present from.
[  4710.273] (!!) vmware(0): New layout.
[  4710.273] (!!) vmware(0): 0: 0 0 847 598
[  4710.273] (!!) vmware(0): 
[  4710.304] (EE) No surface to present from.
[  4711.187] (!!) vmware(0): New layout.
[  4711.188] (!!) vmware(0): 0: 0 0 849 602
[  4711.188] (!!) vmware(0): 
[  4711.211] (EE) No surface to present from.
